This file contains any messages produced by compilers while
running configure, to aid debugging if configure makes a mistake.

It was created by MacPorts configure 2.2.99, which was
generated by GNU Autoconf 2.69.  Invocation command line was

  $ ./configure --enable-readline

## --------- ##
## Platform. ##
## --------- ##

hostname = 128-223-223-240-wireless.uoregon.edu
uname -m = x86_64
uname -r = 13.1.0
uname -s = Darwin
uname -v = Darwin Kernel Version 13.1.0: Thu Jan 16 19:40:37 PST 2014; root:xnu-2422.90.20~2/RELEASE_X86_64

/usr/bin/uname -p = i386
/bin/uname -X     = unknown

/bin/arch              = unknown
/usr/bin/arch -k       = unknown
/usr/convex/getsysinfo = unknown
/usr/bin/hostinfo      = Mach kernel version:
	 Darwin Kernel Version 13.1.0: Thu Jan 16 19:40:37 PST 2014; root:xnu-2422.90.20~2/RELEASE_X86_64
Kernel configured for up to 8 processors.
4 processors are physically available.
8 processors are logically available.
Processor type: i486 (Intel 80486)
Processors active: 0 1 2 3 4 5 6 7
Primary memory available: 8.00 gigabytes
Default processor set: 176 tasks, 822 threads, 8 processors
Load average: 1.36, Mach factor: 6.63
/bin/machine           = unknown
/usr/bin/oslevel       = unknown
/bin/universe          = unknown

PATH: /opt/local/bin
PATH: /opt/local/sbin
PATH: /opt/local/bin
PATH: /opt/local/sbin
PATH: /opt/local/bin
PATH: /opt/local/sbin
PATH: /usr/local/bin
PATH: /usr/local/sbin
PATH: /usr/bin
PATH: /bin
PATH: /usr/sbin
PATH: /sbin
PATH: /opt/X11/bin


## ----------- ##
## Core tests. ##
## ----------- ##

configure:2678: checking build system type
configure:2692: result: x86_64-apple-darwin13.1.0
configure:2712: checking host system type
configure:2725: result: x86_64-apple-darwin13.1.0
configure:2745: checking target system type
configure:2758: result: x86_64-apple-darwin13.1.0
configure:2786: checking MacPorts version
configure:2789: result: 2.2.99
configure:2908: checking for sw_vers
configure:2926: found /usr/bin/sw_vers
configure:2938: result: /usr/bin/sw_vers
configure:2948: checking for defaults
configure:2966: found /usr/bin/defaults
configure:2978: result: /usr/bin/defaults
configure:2988: checking for xcode-select
configure:3006: found /usr/bin/xcode-select
configure:3018: result: /usr/bin/xcode-select
configure:3028: checking Mac OS X version
configure:3031: result: 10.9.2
configure:3053: checking Xcode location
configure:3065: result: /Applications/Xcode.app/Contents/Developer
configure:3079: checking Xcode version
configure:3086: result: 5.1.1
configure:3164: checking for clang
configure:3180: found /usr/bin/clang
configure:3191: result: clang
configure:3222: checking for C compiler version
configure:3231: clang --version >&5
Apple LLVM version 5.1 (clang-503.0.40) (based on LLVM 3.4svn)
Target: x86_64-apple-darwin13.1.0
Thread model: posix
configure:3242: $? = 0
configure:3231: clang -v >&5
Apple LLVM version 5.1 (clang-503.0.40) (based on LLVM 3.4svn)
Target: x86_64-apple-darwin13.1.0
Thread model: posix
configure:3242: $? = 0
configure:3231: clang -V >&5
clang: error: argument to '-V' is missing (expected 1 value)
clang: error: no input files
configure:3242: $? = 1
configure:3231: clang -qversion >&5
clang: error: unknown argument: '-qversion' [-Wunused-command-line-argument-hard-error-in-future]
clang: note: this will be a hard error (cannot be downgraded to a warning) in the future
clang: error: no input files
configure:3242: $? = 1
configure:3262: checking whether the C compiler works
configure:3284: clang    conftest.c  >&5
configure:3288: $? = 0
configure:3336: result: yes
configure:3339: checking for C compiler default output file name
configure:3341: result: a.out
configure:3347: checking for suffix of executables
configure:3354: clang -o conftest    conftest.c  >&5
configure:3358: $? = 0
configure:3380: result: 
configure:3402: checking whether we are cross compiling
configure:3410: clang -o conftest    conftest.c  >&5
configure:3414: $? = 0
configure:3421: ./conftest
configure:3425: $? = 0
configure:3440: result: no
configure:3445: checking for suffix of object files
configure:3467: clang -c   conftest.c >&5
configure:3471: $? = 0
configure:3492: result: o
configure:3496: checking whether we are using the GNU C compiler
configure:3515: clang -c   conftest.c >&5
configure:3515: $? = 0
configure:3524: result: yes
configure:3533: checking whether clang accepts -g
configure:3553: clang -c -g  conftest.c >&5
configure:3553: $? = 0
configure:3594: result: yes
configure:3611: checking for clang option to accept ISO C89
configure:3674: clang  -c -g -O2  conftest.c >&5
configure:3674: $? = 0
configure:3687: result: none needed
configure:3721: checking for a BSD-compatible install
configure:3789: result: /usr/bin/install -c
configure:3800: checking whether ln -s works
configure:3804: result: yes
configure:3811: checking whether make sets $(MAKE)
configure:3833: result: yes
configure:3896: checking for clang
configure:3912: found /usr/bin/clang
configure:3923: result: clang
configure:3948: checking for Objective C compiler version
configure:3957: clang --version >&5
Apple LLVM version 5.1 (clang-503.0.40) (based on LLVM 3.4svn)
Target: x86_64-apple-darwin13.1.0
Thread model: posix
configure:3968: $? = 0
configure:3957: clang -v >&5
Apple LLVM version 5.1 (clang-503.0.40) (based on LLVM 3.4svn)
Target: x86_64-apple-darwin13.1.0
Thread model: posix
configure:3968: $? = 0
configure:3957: clang -V >&5
clang: error: argument to '-V' is missing (expected 1 value)
clang: error: no input files
configure:3968: $? = 1
configure:3957: clang -qversion >&5
clang: error: unknown argument: '-qversion' [-Wunused-command-line-argument-hard-error-in-future]
clang: note: this will be a hard error (cannot be downgraded to a warning) in the future
clang: error: no input files
configure:3968: $? = 1
configure:3972: checking whether we are using the GNU Objective C compiler
configure:3991: clang -c   conftest.m >&5
configure:3991: $? = 0
configure:4000: result: yes
configure:4009: checking whether clang accepts -g
configure:4029: clang -c -g  conftest.m >&5
configure:4029: $? = 0
configure:4070: result: yes
configure:4203: checking for bsdmake
configure:4236: result: no
configure:4203: checking for pmake
configure:4236: result: no
configure:4246: checking for bzip2
configure:4264: found /usr/bin/bzip2
configure:4276: result: /usr/bin/bzip2
configure:4286: checking for bzr
configure:4319: result: no
configure:4326: checking for chown
configure:4345: found /usr/sbin/chown
configure:4357: result: /usr/sbin/chown
configure:4367: checking for cp
configure:4385: found /bin/cp
configure:4397: result: /bin/cp
configure:4407: checking for cpio
configure:4425: found /usr/bin/cpio
configure:4437: result: /usr/bin/cpio
configure:4447: checking for cvs
configure:4480: result: no
configure:4487: checking for diff
configure:4505: found /usr/bin/diff
configure:4517: result: /usr/bin/diff
configure:4527: checking for dscl
configure:4545: found /usr/bin/dscl
configure:4557: result: /usr/bin/dscl
configure:4567: checking for dseditgroup
configure:4586: found /usr/sbin/dseditgroup
configure:4598: result: /usr/sbin/dseditgroup
configure:4608: checking for file
configure:4626: found /usr/bin/file
configure:4638: result: /usr/bin/file
configure:4648: checking for find
configure:4666: found /usr/bin/find
configure:4678: result: /usr/bin/find
configure:4688: checking for git
configure:4706: found /usr/local/bin/git
configure:4718: result: /usr/local/bin/git
configure:4730: checking for gnumake
configure:4748: found /usr/bin/gnumake
configure:4760: result: /usr/bin/gnumake
configure:4775: checking for gnupatch
configure:4808: result: no
configure:4775: checking for gpatch
configure:4808: result: no
configure:4820: checking for gnutar
configure:4853: result: no
configure:4820: checking for gtar
configure:4853: result: no
configure:4863: checking for gzip
configure:4881: found /usr/bin/gzip
configure:4893: result: /usr/bin/gzip
configure:4903: checking for hdiutil
configure:4921: found /usr/bin/hdiutil
configure:4933: result: /usr/bin/hdiutil
configure:4943: checking for hg
configure:4961: found /usr/local/bin/hg
configure:4973: result: /usr/local/bin/hg
configure:4983: checking for launchctl
configure:5001: found /bin/launchctl
configure:5013: result: /bin/launchctl
configure:5023: checking for lipo
configure:5041: found /usr/bin/lipo
configure:5053: result: /usr/bin/lipo
configure:5063: checking for lsbom
configure:5081: found /usr/bin/lsbom
configure:5093: result: /usr/bin/lsbom
configure:5103: checking for lzma
configure:5121: found /usr/local/bin/lzma
configure:5133: result: /usr/local/bin/lzma
configure:5143: checking for make
configure:5161: found /usr/bin/make
configure:5173: result: /usr/bin/make
configure:5183: checking for mdfind
configure:5201: found /usr/bin/mdfind
configure:5213: result: /usr/bin/mdfind
configure:5223: checking for mdls
configure:5241: found /usr/bin/mdls
configure:5253: result: /usr/bin/mdls
configure:5263: checking for mkbom
configure:5281: found /usr/bin/mkbom
configure:5293: result: /usr/bin/mkbom
configure:5303: checking for mtree
configure:5322: found /usr/sbin/mtree
configure:5334: result: /usr/sbin/mtree
configure:5344: checking for open
configure:5362: found /usr/bin/open
configure:5374: result: /usr/bin/open
configure:5384: checking for openssl
configure:5402: found /usr/bin/openssl
configure:5414: result: /usr/bin/openssl
configure:5424: checking for patch
configure:5442: found /usr/bin/patch
configure:5454: result: /usr/bin/patch
configure:5464: checking for pax
configure:5482: found /bin/pax
configure:5494: result: /bin/pax
configure:5504: checking for rmdir
configure:5522: found /bin/rmdir
configure:5534: result: /bin/rmdir
configure:5544: checking for rsync
configure:5562: found /usr/bin/rsync
configure:5574: result: /usr/bin/rsync
configure:5584: checking for sandbox-exec
configure:5602: found /usr/bin/sandbox-exec
configure:5614: result: /usr/bin/sandbox-exec
configure:5624: checking for sed
configure:5642: found /usr/bin/sed
configure:5654: result: /usr/bin/sed
configure:5664: checking for svn
configure:5682: found /usr/bin/svn
configure:5694: result: /usr/bin/svn
configure:5704: checking for swig
configure:5737: result: no
configure:5744: checking for tar
configure:5762: found /usr/bin/tar
configure:5774: result: /usr/bin/tar
configure:5784: checking for unzip
configure:5802: found /usr/bin/unzip
configure:5814: result: /usr/bin/unzip
configure:5824: checking for xar
configure:5842: found /usr/bin/xar
configure:5854: result: /usr/bin/xar
configure:5864: checking for xcodebuild
configure:5882: found /usr/bin/xcodebuild
configure:5894: result: /usr/bin/xcodebuild
configure:5904: checking for xcrun
configure:5922: found /usr/bin/xcrun
configure:5934: result: /usr/bin/xcrun
configure:5944: checking for xz
configure:5962: found /usr/local/bin/xz
configure:5974: result: /usr/local/bin/xz
configure:5984: checking for zip
configure:6002: found /usr/bin/zip
configure:6014: result: /usr/bin/zip
configure:6025: checking for launchd
configure:6041: found /sbin/launchd
configure:6052: result: yes
configure:6069: checking for sed
configure:6099: result: /usr/bin/sed
configure:6112: checking which sed flag to use for extended regexp
configure:6122: result: -E (BSD)
configure:6139: checking for tar
configure:6169: result: /usr/bin/tar
configure:6178: checking whether tar supports -q
configure:6181: result: yes (bsdtar)
configure:6194: checking for tar
configure:6224: result: /usr/bin/tar
configure:6234: checking for gnutar
configure:6267: result: no
configure:6273: checking for which tar variant to use
configure:6280: result: /usr/bin/tar
configure:6284: checking for /usr/bin/tar --no-same-owner support
configure:6288: result: no
configure:6299: checking for patch
configure:6329: result: /usr/bin/patch
configure:6339: checking for gpatch
configure:6372: result: no
configure:6378: checking for GNU (FSF) patch
configure:6390: result: /usr/bin/patch
configure:6422: checking how to mark unused variables
configure:6428: clang -c -g -O2  conftest.c >&5
configure:6428: $? = 0
configure:6438: result: 
configure:6443: checking for gcc symbol visibility attribute
configure:6462: clang -c -g -O2  conftest.c >&5
configure:6462: $? = 0
configure:6476: result: __attribute__((visibility("hidden")))
configure:6661: checking for the pthreads library -lpthreads
configure:6694: clang -o conftest -g -O2    conftest.c -lpthreads  >&5
ld: library not found for -lpthreads
clang: error: linker command failed with exit code 1 (use -v to see invocation)
configure:6694: $? = 1
configure: failed program was:
| /* confdefs.h */
| #define PACKAGE_NAME "MacPorts"
| #define PACKAGE_TARNAME "macports"
| #define PACKAGE_VERSION "2.2.99"
| #define PACKAGE_STRING "MacPorts 2.2.99"
| #define PACKAGE_BUGREPORT "macports-dev@lists.macosforge.org"
| #define PACKAGE_URL ""
| #define UNUSED __attribute__((unused))
| #define MP_PRIVATE __attribute__((visibility("hidden")))
| /* end confdefs.h.  */
| #include <pthread.h>
| int
| main ()
| {
| pthread_t th; pthread_join(th, 0);
|                      pthread_attr_init(0); pthread_cleanup_push(0, 0);
|                      pthread_create(0,0,0,0); pthread_cleanup_pop(0);
|   ;
|   return 0;
| }
configure:6703: result: no
configure:6606: checking whether pthreads work without any flags
configure:6694: clang -o conftest -g -O2    conftest.c   >&5
configure:6694: $? = 0
configure:6703: result: yes
configure:6722: checking for joinable pthread attribute
configure:6737: clang -o conftest -g -O2    conftest.c   >&5
configure:6737: $? = 0
configure:6743: result: PTHREAD_CREATE_JOINABLE
configure:6753: checking if more special flags are required for pthreads
configure:6760: result: -D_THREAD_SAFE
configure:6797: checking how to run the Objective C preprocessor
configure:6824: clang -E  conftest.m
configure:6824: $? = 0
configure:6838: clang -E  conftest.m
conftest.m:12:10: fatal error: 'ac_nonexistent.h' file not found
#include <ac_nonexistent.h>
         ^
1 error generated.
configure:6838: $? = 1
configure: failed program was:
| /* confdefs.h */
| #define PACKAGE_NAME "MacPorts"
| #define PACKAGE_TARNAME "macports"
| #define PACKAGE_VERSION "2.2.99"
| #define PACKAGE_STRING "MacPorts 2.2.99"
| #define PACKAGE_BUGREPORT "macports-dev@lists.macosforge.org"
| #define PACKAGE_URL ""
| #define UNUSED __attribute__((unused))
| #define MP_PRIVATE __attribute__((visibility("hidden")))
| #define HAVE_PTHREAD 1
| /* end confdefs.h.  */
| #include <ac_nonexistent.h>
configure:6863: result: clang -E
configure:6883: clang -E  conftest.m
configure:6883: $? = 0
configure:6897: clang -E  conftest.m
conftest.m:12:10: fatal error: 'ac_nonexistent.h' file not found
#include <ac_nonexistent.h>
         ^
1 error generated.
configure:6897: $? = 1
configure: failed program was:
| /* confdefs.h */
| #define PACKAGE_NAME "MacPorts"
| #define PACKAGE_TARNAME "macports"
| #define PACKAGE_VERSION "2.2.99"
| #define PACKAGE_STRING "MacPorts 2.2.99"
| #define PACKAGE_BUGREPORT "macports-dev@lists.macosforge.org"
| #define PACKAGE_URL ""
| #define UNUSED __attribute__((unused))
| #define MP_PRIVATE __attribute__((visibility("hidden")))
| #define HAVE_PTHREAD 1
| /* end confdefs.h.  */
| #include <ac_nonexistent.h>
configure:6926: checking for grep that handles long lines and -e
configure:6984: result: /usr/bin/grep
configure:6989: checking for egrep
configure:7051: result: /usr/bin/grep -E
configure:7056: checking for ANSI C header files
configure:7076: clang -c -g -O2  conftest.m >&5
configure:7076: $? = 0
configure:7149: clang -o conftest -g -O2   conftest.m  >&5
configure:7149: $? = 0
configure:7149: ./conftest
configure:7149: $? = 0
configure:7160: result: yes
configure:7173: checking for sys/types.h
configure:7173: clang -c -g -O2  conftest.m >&5
configure:7173: $? = 0
configure:7173: result: yes
configure:7173: checking for sys/stat.h
configure:7173: clang -c -g -O2  conftest.m >&5
configure:7173: $? = 0
configure:7173: result: yes
configure:7173: checking for stdlib.h
configure:7173: clang -c -g -O2  conftest.m >&5
configure:7173: $? = 0
configure:7173: result: yes
configure:7173: checking for string.h
configure:7173: clang -c -g -O2  conftest.m >&5
configure:7173: $? = 0
configure:7173: result: yes
configure:7173: checking for memory.h
configure:7173: clang -c -g -O2  conftest.m >&5
configure:7173: $? = 0
configure:7173: result: yes
configure:7173: checking for strings.h
configure:7173: clang -c -g -O2  conftest.m >&5
configure:7173: $? = 0
configure:7173: result: yes
configure:7173: checking for inttypes.h
configure:7173: clang -c -g -O2  conftest.m >&5
configure:7173: $? = 0
configure:7173: result: yes
configure:7173: checking for stdint.h
configure:7173: clang -c -g -O2  conftest.m >&5
configure:7173: $? = 0
configure:7173: result: yes
configure:7173: checking for unistd.h
configure:7173: clang -c -g -O2  conftest.m >&5
configure:7173: $? = 0
configure:7173: result: yes
configure:7220: checking objc/objc.h usability
configure:7220: clang -c -g -O2  conftest.m >&5
configure:7220: $? = 0
configure:7220: result: yes
configure:7220: checking objc/objc.h presence
configure:7220: clang -E  conftest.m
configure:7220: $? = 0
configure:7220: result: yes
configure:7220: checking for objc/objc.h
configure:7220: result: yes
configure:7245: checking if linking libobjc requires pthreads
configure:7274: clang -o conftest -g -O2   conftest.m  -lobjc >&5
conftest.m:32:7: error: use of undeclared identifier 'Object'
                                                Object *obj = [Object alloc];
                                                ^
conftest.m:32:15: error: use of undeclared identifier 'obj'
                                                Object *obj = [Object alloc];
                                                        ^
conftest.m:32:22: error: use of undeclared identifier 'Object'
                                                Object *obj = [Object alloc];
                                                               ^
conftest.m:33:7: warning: implicit declaration of function 'puts' is invalid in C99 [-Wimplicit-function-declaration]
                                                puts([obj name]);
                                                ^
conftest.m:33:13: error: use of undeclared identifier 'obj'
                                                puts([obj name]);
                                                      ^
1 warning and 4 errors generated.
configure:7274: $? = 1
configure: failed program was:
| /* confdefs.h */
| #define PACKAGE_NAME "MacPorts"
| #define PACKAGE_TARNAME "macports"
| #define PACKAGE_VERSION "2.2.99"
| #define PACKAGE_STRING "MacPorts 2.2.99"
| #define PACKAGE_BUGREPORT "macports-dev@lists.macosforge.org"
| #define PACKAGE_URL ""
| #define UNUSED __attribute__((unused))
| #define MP_PRIVATE __attribute__((visibility("hidden")))
| #define HAVE_PTHREAD 1
| #define STDC_HEADERS 1
| #define HAVE_SYS_TYPES_H 1
| #define HAVE_SYS_STAT_H 1
| #define HAVE_STDLIB_H 1
| #define HAVE_STRING_H 1
| #define HAVE_MEMORY_H 1
| #define HAVE_STRINGS_H 1
| #define HAVE_INTTYPES_H 1
| #define HAVE_STDINT_H 1
| #define HAVE_UNISTD_H 1
| #define HAVE_OBJC_OBJC_H 1
| /* end confdefs.h.  */
| 
| 
| 						#include <objc/objc.h>
| 						#include <objc/Object.h>
| 
| int
| main ()
| {
| 
| 						Object *obj = [Object alloc];
| 						puts([obj name]);
| 
|   ;
|   return 0;
| }
| 
configure:7312: clang -o conftest -g -O2 -D_THREAD_SAFE    conftest.m  -lobjc  >&5
conftest.m:32:8: error: use of undeclared identifier 'Object'
                                                        Object *obj = [Object alloc];
                                                        ^
conftest.m:32:16: error: use of undeclared identifier 'obj'
                                                        Object *obj = [Object alloc];
                                                                ^
conftest.m:32:23: error: use of undeclared identifier 'Object'
                                                        Object *obj = [Object alloc];
                                                                       ^
conftest.m:33:8: warning: implicit declaration of function 'puts' is invalid in C99 [-Wimplicit-function-declaration]
                                                        puts([obj name]);
                                                        ^
conftest.m:33:14: error: use of undeclared identifier 'obj'
                                                        puts([obj name]);
                                                              ^
1 warning and 4 errors generated.
configure:7312: $? = 1
configure: failed program was:
| /* confdefs.h */
| #define PACKAGE_NAME "MacPorts"
| #define PACKAGE_TARNAME "macports"
| #define PACKAGE_VERSION "2.2.99"
| #define PACKAGE_STRING "MacPorts 2.2.99"
| #define PACKAGE_BUGREPORT "macports-dev@lists.macosforge.org"
| #define PACKAGE_URL ""
| #define UNUSED __attribute__((unused))
| #define MP_PRIVATE __attribute__((visibility("hidden")))
| #define HAVE_PTHREAD 1
| #define STDC_HEADERS 1
| #define HAVE_SYS_TYPES_H 1
| #define HAVE_SYS_STAT_H 1
| #define HAVE_STDLIB_H 1
| #define HAVE_STRING_H 1
| #define HAVE_MEMORY_H 1
| #define HAVE_STRINGS_H 1
| #define HAVE_INTTYPES_H 1
| #define HAVE_STDINT_H 1
| #define HAVE_UNISTD_H 1
| #define HAVE_OBJC_OBJC_H 1
| /* end confdefs.h.  */
| 
| 
| 							#include <objc/objc.h>
| 							#include <objc/Object.h>
| 
| int
| main ()
| {
| 
| 							Object *obj = [Object alloc];
| 							puts([obj name]);
| 
|   ;
|   return 0;
| }
| 
configure:7332: result: no
configure:7345: checking for Apple Objective-C runtime
configure:7374: clang -o conftest -g -O2 -D_THREAD_SAFE    conftest.m  -lobjc  >&5
conftest.m:32:19: warning: implicit declaration of function 'objc_lookUpClass' is invalid in C99 [-Wimplicit-function-declaration]
                                                        id class = objc_lookUpClass("Object");
                                                                   ^
conftest.m:32:11: warning: incompatible integer to pointer conversion initializing 'id' with an expression of type 'int' [-Wint-conversion]
                                                        id class = objc_lookUpClass("Object");
                                                           ^       ~~~~~~~~~~~~~~~~~~~~~~~~~~
conftest.m:33:24: warning: instance method '-alloc' not found (return type defaults to 'id') [-Wobjc-method-access]
                                                        id obj = [class alloc];
                                                                        ^~~~~
conftest.m:34:8: warning: implicit declaration of function 'puts' is invalid in C99 [-Wimplicit-function-declaration]
                                                        puts([obj name]);
                                                        ^
conftest.m:34:18: warning: instance method '-name' not found (return type defaults to 'id') [-Wobjc-method-access]
                                                        puts([obj name]);
                                                                  ^~~~
5 warnings generated.
configure:7374: $? = 0
configure:7389: result: yes
configure:7396: checking for GNU Objective C runtime
configure:7425: clang -o conftest -g -O2 -D_THREAD_SAFE    conftest.m  -lobjc  >&5
conftest.m:32:19: warning: implicit declaration of function 'objc_lookup_class' is invalid in C99 [-Wimplicit-function-declaration]
                                                        id class = objc_lookup_class("Object");
                                                                   ^
conftest.m:32:11: warning: incompatible integer to pointer conversion initializing 'id' with an expression of type 'int' [-Wint-conversion]
                                                        id class = objc_lookup_class("Object");
                                                           ^       ~~~~~~~~~~~~~~~~~~~~~~~~~~~
conftest.m:33:24: warning: instance method '-alloc' not found (return type defaults to 'id') [-Wobjc-method-access]
                                                        id obj = [class alloc];
                                                                        ^~~~~
conftest.m:34:8: warning: implicit declaration of function 'puts' is invalid in C99 [-Wimplicit-function-declaration]
                                                        puts([obj name]);
                                                        ^
conftest.m:34:18: warning: instance method '-name' not found (return type defaults to 'id') [-Wobjc-method-access]
                                                        puts([obj name]);
                                                                  ^~~~
5 warnings generated.
Undefined symbols for architecture x86_64:
  "_objc_lookup_class", referenced from:
      _main in conftest-f2a391.o
ld: symbol(s) not found for architecture x86_64
clang: error: linker command failed with exit code 1 (use -v to see invocation)
configure:7425: $? = 1
configure: failed program was:
| /* confdefs.h */
| #define PACKAGE_NAME "MacPorts"
| #define PACKAGE_TARNAME "macports"
| #define PACKAGE_VERSION "2.2.99"
| #define PACKAGE_STRING "MacPorts 2.2.99"
| #define PACKAGE_BUGREPORT "macports-dev@lists.macosforge.org"
| #define PACKAGE_URL ""
| #define UNUSED __attribute__((unused))
| #define MP_PRIVATE __attribute__((visibility("hidden")))
| #define HAVE_PTHREAD 1
| #define STDC_HEADERS 1
| #define HAVE_SYS_TYPES_H 1
| #define HAVE_SYS_STAT_H 1
| #define HAVE_STDLIB_H 1
| #define HAVE_STRING_H 1
| #define HAVE_MEMORY_H 1
| #define HAVE_STRINGS_H 1
| #define HAVE_INTTYPES_H 1
| #define HAVE_STDINT_H 1
| #define HAVE_UNISTD_H 1
| #define HAVE_OBJC_OBJC_H 1
| /* end confdefs.h.  */
| 
| 
| 							#include <objc/objc.h>
| 							#include <objc/objc-api.h>
| 
| int
| main ()
| {
| 
| 							id class = objc_lookup_class("Object");
| 							id obj = [class alloc];
| 							puts([obj name]);
| 
|   ;
|   return 0;
| }
| 
configure:7440: result: no
configure:7452: Using Apple Objective-C runtime
configure:7532: checking for Apple Foundation library
configure:7568: clang -o conftest -g -O2   conftest.m -framework Foundation  >&5
conftest.m:32:46: warning: 'initWithCString:' is deprecated: first deprecated in OS X 10.4 [-Wdeprecated-declarations]
                                                                NSString *string = [[NSString alloc] initWithCString: "Hello World"];
                                                                                                     ^
/System/Library/Frameworks/Foundation.framework/Headers/NSString.h:361:1: note: method 'initWithCString:' declared here
- (id)initWithCString:(const char *)bytes NS_DEPRECATED(10_0, 10_4, 2_0, 2_0);  
^
conftest.m:33:19: warning: class method '+length' not found (return type defaults to 'id') [-Wobjc-method-access]
                                                                [NSString length];
                                                                          ^~~~~~
2 warnings generated.
configure:7568: $? = 0
configure:7586: result: yes
configure:7598: WARNING: GNUSTEP_SYSTEM_ROOT is not defined in your environment, preventing the use of GNUstep's Foundation library
configure:7685: Using Apple Foundation library
configure:7721: checking for CoreFoundation framework
configure:7749: clang -o conftest -g -O2   conftest.c -framework CoreFoundation  >&5
configure:7749: $? = 0
configure:7767: result: yes
configure:7781: checking for SystemConfiguration framework
configure:7809: clang -o conftest -g -O2   conftest.c -framework SystemConfiguration  >&5
configure:7809: $? = 0
configure:7827: result: yes
configure:7841: checking for IOKit framework
configure:7869: clang -o conftest -g -O2   conftest.c -framework IOKit  >&5
conftest.c:36:6: warning: implicit declaration of function 'IORegisterForSystemPower' is invalid in C99 [-Wimplicit-function-declaration]
                                        IORegisterForSystemPower(0, NULL, NULL, NULL);
                                        ^
1 warning generated.
configure:7869: $? = 0
configure:7887: result: yes
configure:7901: checking for CFNotificationCenterGetDarwinNotifyCenter
configure:7928: clang -o conftest -g -O2   conftest.c -framework CoreFoundation  >&5
configure:7928: $? = 0
configure:7946: result: yes
configure:7963: checking for whether we will build daemondo
configure:7980: result: yes
configure:8015: checking for ports tree
configure:8037: WARNING: No ports tree found
configure:8044: checking for MacPorts config directory
configure:8049: result: ${sysconfdir}/macports
configure:8106: checking for install user
configure:8112: result: root
configure:8126: checking for install group
configure:8145: result: admin
configure:8159: checking for macports user
configure:8165: result: macports
configure:8179: checking what permissions to use for installation directories
configure:8185: result: 0755
configure:8225: checking for Applications installation directory
configure:8236: result: /Applications/MacPorts
configure:8255: checking for Frameworks installation directory
configure:8262: result: /opt/local/Library/Frameworks
configure:8296: checking for Universal CPU architectures
configure:8298: result: x86_64 i386
configure:8310: checking how to run the C preprocessor
configure:8341: clang -E  conftest.c
configure:8341: $? = 0
configure:8355: clang -E  conftest.c
conftest.c:29:10: fatal error: 'ac_nonexistent.h' file not found
#include <ac_nonexistent.h>
         ^
1 error generated.
configure:8355: $? = 1
configure: failed program was:
| /* confdefs.h */
| #define PACKAGE_NAME "MacPorts"
| #define PACKAGE_TARNAME "macports"
| #define PACKAGE_VERSION "2.2.99"
| #define PACKAGE_STRING "MacPorts 2.2.99"
| #define PACKAGE_BUGREPORT "macports-dev@lists.macosforge.org"
| #define PACKAGE_URL ""
| #define UNUSED __attribute__((unused))
| #define MP_PRIVATE __attribute__((visibility("hidden")))
| #define HAVE_PTHREAD 1
| #define STDC_HEADERS 1
| #define HAVE_SYS_TYPES_H 1
| #define HAVE_SYS_STAT_H 1
| #define HAVE_STDLIB_H 1
| #define HAVE_STRING_H 1
| #define HAVE_MEMORY_H 1
| #define HAVE_STRINGS_H 1
| #define HAVE_INTTYPES_H 1
| #define HAVE_STDINT_H 1
| #define HAVE_UNISTD_H 1
| #define HAVE_OBJC_OBJC_H 1
| #define APPLE_RUNTIME 1
| #define APPLE_FOUNDATION 1
| #define HAVE_FRAMEWORK_COREFOUNDATION /**/
| #define HAVE_FRAMEWORK_SYSTEMCONFIGURATION /**/
| #define HAVE_FRAMEWORK_IOKIT /**/
| #define HAVE_FUNCTION_CFNOTIFICATIONCENTERGETDARWINNOTIFYCENTER /**/
| /* end confdefs.h.  */
| #include <ac_nonexistent.h>
configure:8380: result: clang -E
configure:8400: clang -E  conftest.c
configure:8400: $? = 0
configure:8414: clang -E  conftest.c
conftest.c:29:10: fatal error: 'ac_nonexistent.h' file not found
#include <ac_nonexistent.h>
         ^
1 error generated.
configure:8414: $? = 1
configure: failed program was:
| /* confdefs.h */
| #define PACKAGE_NAME "MacPorts"
| #define PACKAGE_TARNAME "macports"
| #define PACKAGE_VERSION "2.2.99"
| #define PACKAGE_STRING "MacPorts 2.2.99"
| #define PACKAGE_BUGREPORT "macports-dev@lists.macosforge.org"
| #define PACKAGE_URL ""
| #define UNUSED __attribute__((unused))
| #define MP_PRIVATE __attribute__((visibility("hidden")))
| #define HAVE_PTHREAD 1
| #define STDC_HEADERS 1
| #define HAVE_SYS_TYPES_H 1
| #define HAVE_SYS_STAT_H 1
| #define HAVE_STDLIB_H 1
| #define HAVE_STRING_H 1
| #define HAVE_MEMORY_H 1
| #define HAVE_STRINGS_H 1
| #define HAVE_INTTYPES_H 1
| #define HAVE_STDINT_H 1
| #define HAVE_UNISTD_H 1
| #define HAVE_OBJC_OBJC_H 1
| #define APPLE_RUNTIME 1
| #define APPLE_FOUNDATION 1
| #define HAVE_FRAMEWORK_COREFOUNDATION /**/
| #define HAVE_FRAMEWORK_SYSTEMCONFIGURATION /**/
| #define HAVE_FRAMEWORK_IOKIT /**/
| #define HAVE_FUNCTION_CFNOTIFICATIONCENTERGETDARWINNOTIFYCENTER /**/
| /* end confdefs.h.  */
| #include <ac_nonexistent.h>
configure:8443: checking for ANSI C header files
configure:8547: result: yes
configure:8558: checking for dirent.h that defines DIR
configure:8577: clang -c -g -O2  conftest.c >&5
configure:8577: $? = 0
configure:8585: result: yes
configure:8598: checking for library containing opendir
configure:8629: clang -o conftest -g -O2   conftest.c  >&5
configure:8629: $? = 0
configure:8646: result: none required
configure:8713: checking for sys/wait.h that is POSIX.1 compatible
configure:8739: clang -c -g -O2  conftest.c >&5
configure:8739: $? = 0
configure:8746: result: yes
configure:8759: checking crt_externs.h usability
configure:8759: clang -c -g -O2  conftest.c >&5
configure:8759: $? = 0
configure:8759: result: yes
configure:8759: checking crt_externs.h presence
configure:8759: clang -E  conftest.c
configure:8759: $? = 0
configure:8759: result: yes
configure:8759: checking for crt_externs.h
configure:8759: result: yes
configure:8759: checking err.h usability
configure:8759: clang -c -g -O2  conftest.c >&5
configure:8759: $? = 0
configure:8759: result: yes
configure:8759: checking err.h presence
configure:8759: clang -E  conftest.c
configure:8759: $? = 0
configure:8759: result: yes
configure:8759: checking for err.h
configure:8759: result: yes
configure:8759: checking fcntl.h usability
configure:8759: clang -c -g -O2  conftest.c >&5
configure:8759: $? = 0
configure:8759: result: yes
configure:8759: checking fcntl.h presence
configure:8759: clang -E  conftest.c
configure:8759: $? = 0
configure:8759: result: yes
configure:8759: checking for fcntl.h
configure:8759: result: yes
configure:8759: checking libkern/OSAtomic.h usability
configure:8759: clang -c -g -O2  conftest.c >&5
configure:8759: $? = 0
configure:8759: result: yes
configure:8759: checking libkern/OSAtomic.h presence
configure:8759: clang -E  conftest.c
configure:8759: $? = 0
configure:8759: result: yes
configure:8759: checking for libkern/OSAtomic.h
configure:8759: result: yes
configure:8759: checking limits.h usability
configure:8759: clang -c -g -O2  conftest.c >&5
configure:8759: $? = 0
configure:8759: result: yes
configure:8759: checking limits.h presence
configure:8759: clang -E  conftest.c
configure:8759: $? = 0
configure:8759: result: yes
configure:8759: checking for limits.h
configure:8759: result: yes
configure:8759: checking paths.h usability
configure:8759: clang -c -g -O2  conftest.c >&5
configure:8759: $? = 0
configure:8759: result: yes
configure:8759: checking paths.h presence
configure:8759: clang -E  conftest.c
configure:8759: $? = 0
configure:8759: result: yes
configure:8759: checking for paths.h
configure:8759: result: yes
configure:8759: checking pwd.h usability
configure:8759: clang -c -g -O2  conftest.c >&5
configure:8759: $? = 0
configure:8759: result: yes
configure:8759: checking pwd.h presence
configure:8759: clang -E  conftest.c
configure:8759: $? = 0
configure:8759: result: yes
configure:8759: checking for pwd.h
configure:8759: result: yes
configure:8759: checking readline/history.h usability
configure:8759: clang -c -g -O2  conftest.c >&5
configure:8759: $? = 0
configure:8759: result: yes
configure:8759: checking readline/history.h presence
configure:8759: clang -E  conftest.c
configure:8759: $? = 0
configure:8759: result: yes
configure:8759: checking for readline/history.h
configure:8759: result: yes
configure:8759: checking readline/readline.h usability
configure:8759: clang -c -g -O2  conftest.c >&5
configure:8759: $? = 0
configure:8759: result: yes
configure:8759: checking readline/readline.h presence
configure:8759: clang -E  conftest.c
configure:8759: $? = 0
configure:8759: result: yes
configure:8759: checking for readline/readline.h
configure:8759: result: yes
configure:8759: checking spawn.h usability
configure:8759: clang -c -g -O2  conftest.c >&5
configure:8759: $? = 0
configure:8759: result: yes
configure:8759: checking spawn.h presence
configure:8759: clang -E  conftest.c
configure:8759: $? = 0
configure:8759: result: yes
configure:8759: checking for spawn.h
configure:8759: result: yes
configure:8759: checking sys/cdefs.h usability
configure:8759: clang -c -g -O2  conftest.c >&5
configure:8759: $? = 0
configure:8759: result: yes
configure:8759: checking sys/cdefs.h presence
configure:8759: clang -E  conftest.c
configure:8759: $? = 0
configure:8759: result: yes
configure:8759: checking for sys/cdefs.h
configure:8759: result: yes
configure:8759: checking sys/event.h usability
configure:8759: clang -c -g -O2  conftest.c >&5
configure:8759: $? = 0
configure:8759: result: yes
configure:8759: checking sys/event.h presence
configure:8759: clang -E  conftest.c
configure:8759: $? = 0
configure:8759: result: yes
configure:8759: checking for sys/event.h
configure:8759: result: yes
configure:8759: checking sys/fcntl.h usability
configure:8759: clang -c -g -O2  conftest.c >&5
configure:8759: $? = 0
configure:8759: result: yes
configure:8759: checking sys/fcntl.h presence
configure:8759: clang -E  conftest.c
configure:8759: $? = 0
configure:8759: result: yes
configure:8759: checking for sys/fcntl.h
configure:8759: result: yes
configure:8759: checking sys/file.h usability
configure:8759: clang -c -g -O2  conftest.c >&5
configure:8759: $? = 0
configure:8759: result: yes
configure:8759: checking sys/file.h presence
configure:8759: clang -E  conftest.c
configure:8759: $? = 0
configure:8759: result: yes
configure:8759: checking for sys/file.h
configure:8759: result: yes
configure:8759: checking sys/paths.h usability
configure:8759: clang -c -g -O2  conftest.c >&5
configure:8759: $? = 0
configure:8759: result: yes
configure:8759: checking sys/paths.h presence
configure:8759: clang -E  conftest.c
configure:8759: $? = 0
configure:8759: result: yes
configure:8759: checking for sys/paths.h
configure:8759: result: yes
configure:8759: checking sys/socket.h usability
configure:8759: clang -c -g -O2  conftest.c >&5
configure:8759: $? = 0
configure:8759: result: yes
configure:8759: checking sys/socket.h presence
configure:8759: clang -E  conftest.c
configure:8759: $? = 0
configure:8759: result: yes
configure:8759: checking for sys/socket.h
configure:8759: result: yes
configure:8759: checking sys/sysctl.h usability
configure:8759: clang -c -g -O2  conftest.c >&5
configure:8759: $? = 0
configure:8759: result: yes
configure:8759: checking sys/sysctl.h presence
configure:8759: clang -E  conftest.c
configure:8759: $? = 0
configure:8759: result: yes
configure:8759: checking for sys/sysctl.h
configure:8759: result: yes
configure:8759: checking utime.h usability
configure:8759: clang -c -g -O2  conftest.c >&5
configure:8759: $? = 0
configure:8759: result: yes
configure:8759: checking utime.h presence
configure:8759: clang -E  conftest.c
configure:8759: $? = 0
configure:8759: result: yes
configure:8759: checking for utime.h
configure:8759: result: yes
configure:8777: checking for OSAtomicCompareAndSwap32
configure:8777: clang -o conftest -g -O2   conftest.c  >&5
configure:8777: $? = 0
configure:8777: result: yes
configure:8777: checking for OSAtomicCompareAndSwap64
configure:8777: clang -o conftest -g -O2   conftest.c  >&5
configure:8777: $? = 0
configure:8777: result: yes
configure:8777: checking for OSAtomicCompareAndSwapPtr
configure:8777: clang -o conftest -g -O2   conftest.c  >&5
configure:8777: $? = 0
configure:8777: result: yes
configure:8777: checking for __getdirentries64
configure:8777: clang -o conftest -g -O2   conftest.c  >&5
configure:8777: $? = 0
configure:8777: result: yes
configure:8777: checking for bzero
configure:8777: clang -o conftest -g -O2   conftest.c  >&5
conftest.c:77:6: warning: incompatible redeclaration of library function 'bzero' [-Wincompatible-library-redeclaration]
char bzero ();
     ^
conftest.c:77:6: note: 'bzero' is a builtin with type 'void (void *, unsigned long)'
1 warning generated.
configure:8777: $? = 0
configure:8777: result: yes
configure:8777: checking for clearenv
configure:8777: clang -o conftest -g -O2   conftest.c  >&5
Undefined symbols for architecture x86_64:
  "_clearenv", referenced from:
      _main in conftest-a7d7dd.o
ld: symbol(s) not found for architecture x86_64
clang: error: linker command failed with exit code 1 (use -v to see invocation)
configure:8777: $? = 1
configure: failed program was:
| /* confdefs.h */
| #define PACKAGE_NAME "MacPorts"
| #define PACKAGE_TARNAME "macports"
| #define PACKAGE_VERSION "2.2.99"
| #define PACKAGE_STRING "MacPorts 2.2.99"
| #define PACKAGE_BUGREPORT "macports-dev@lists.macosforge.org"
| #define PACKAGE_URL ""
| #define UNUSED __attribute__((unused))
| #define MP_PRIVATE __attribute__((visibility("hidden")))
| #define HAVE_PTHREAD 1
| #define STDC_HEADERS 1
| #define HAVE_SYS_TYPES_H 1
| #define HAVE_SYS_STAT_H 1
| #define HAVE_STDLIB_H 1
| #define HAVE_STRING_H 1
| #define HAVE_MEMORY_H 1
| #define HAVE_STRINGS_H 1
| #define HAVE_INTTYPES_H 1
| #define HAVE_STDINT_H 1
| #define HAVE_UNISTD_H 1
| #define HAVE_OBJC_OBJC_H 1
| #define APPLE_RUNTIME 1
| #define APPLE_FOUNDATION 1
| #define HAVE_FRAMEWORK_COREFOUNDATION /**/
| #define HAVE_FRAMEWORK_SYSTEMCONFIGURATION /**/
| #define HAVE_FRAMEWORK_IOKIT /**/
| #define HAVE_FUNCTION_CFNOTIFICATIONCENTERGETDARWINNOTIFYCENTER /**/
| #define STDC_HEADERS 1
| #define HAVE_DIRENT_H 1
| #define HAVE_SYS_WAIT_H 1
| #define HAVE_CRT_EXTERNS_H 1
| #define HAVE_ERR_H 1
| #define HAVE_FCNTL_H 1
| #define HAVE_LIBKERN_OSATOMIC_H 1
| #define HAVE_LIMITS_H 1
| #define HAVE_PATHS_H 1
| #define HAVE_PWD_H 1
| #define HAVE_READLINE_HISTORY_H 1
| #define HAVE_READLINE_READLINE_H 1
| #define HAVE_SPAWN_H 1
| #define HAVE_SYS_CDEFS_H 1
| #define HAVE_SYS_EVENT_H 1
| #define HAVE_SYS_FCNTL_H 1
| #define HAVE_SYS_FILE_H 1
| #define HAVE_SYS_PATHS_H 1
| #define HAVE_SYS_SOCKET_H 1
| #define HAVE_SYS_SYSCTL_H 1
| #define HAVE_UTIME_H 1
| #define HAVE_OSATOMICCOMPAREANDSWAP32 1
| #define HAVE_OSATOMICCOMPAREANDSWAP64 1
| #define HAVE_OSATOMICCOMPAREANDSWAPPTR 1
| #define HAVE___GETDIRENTRIES64 1
| #define HAVE_BZERO 1
| /* end confdefs.h.  */
| /* Define clearenv to an innocuous variant, in case <limits.h> declares clearenv.
|    For example, HP-UX 11i <limits.h> declares gettimeofday.  */
| #define clearenv innocuous_clearenv
| 
| /* System header to define __stub macros and hopefully few prototypes,
|     which can conflict with char clearenv (); below.
|     Prefer <limits.h> to <assert.h> if __STDC__ is defined, since
|     <limits.h> exists even on freestanding compilers.  */
| 
| #ifdef __STDC__
| # include <limits.h>
| #else
| # include <assert.h>
| #endif
| 
| #undef clearenv
| 
| /* Override any GCC internal prototype to avoid an error.
|    Use char because int might match the return type of a GCC
|    builtin and then its argument prototype would still apply.  */
| #ifdef __cplusplus
| extern "C"
| #endif
| char clearenv ();
| /* The GNU C library defines this for functions which it implements
|     to always fail with ENOSYS.  Some functions are actually named
|     something starting with __ and the normal name is an alias.  */
| #if defined __stub_clearenv || defined __stub___clearenv
| choke me
| #endif
| 
| int
| main ()
| {
| return clearenv ();
|   ;
|   return 0;
| }
configure:8777: result: no
configure:8777: checking for copyfile
configure:8777: clang -o conftest -g -O2   conftest.c  >&5
configure:8777: $? = 0
configure:8777: result: yes
configure:8777: checking for fgetln
configure:8777: clang -o conftest -g -O2   conftest.c  >&5
configure:8777: $? = 0
configure:8777: result: yes
configure:8777: checking for flock
configure:8777: clang -o conftest -g -O2   conftest.c  >&5
configure:8777: $? = 0
configure:8777: result: yes
configure:8777: checking for fls
configure:8777: clang -o conftest -g -O2   conftest.c  >&5
configure:8777: $? = 0
configure:8777: result: yes
configure:8777: checking for kqueue
configure:8777: clang -o conftest -g -O2   conftest.c  >&5
configure:8777: $? = 0
configure:8777: result: yes
configure:8777: checking for lockf
configure:8777: clang -o conftest -g -O2   conftest.c  >&5
configure:8777: $? = 0
configure:8777: result: yes
configure:8777: checking for memset
configure:8777: clang -o conftest -g -O2   conftest.c  >&5
conftest.c:84:6: warning: incompatible redeclaration of library function 'memset' [-Wincompatible-library-redeclaration]
char memset ();
     ^
conftest.c:84:6: note: 'memset' is a builtin with type 'void *(void *, int, unsigned long)'
1 warning generated.
configure:8777: $? = 0
configure:8777: result: yes
configure:8777: checking for posix_spawn
configure:8777: clang -o conftest -g -O2   conftest.c  >&5
configure:8777: $? = 0
configure:8777: result: yes
configure:8777: checking for setmode
configure:8777: clang -o conftest -g -O2   conftest.c  >&5
configure:8777: $? = 0
configure:8777: result: yes
configure:8777: checking for strcasecmp
configure:8777: clang -o conftest -g -O2   conftest.c  >&5
conftest.c:87:6: warning: incompatible redeclaration of library function 'strcasecmp' [-Wincompatible-library-redeclaration]
char strcasecmp ();
     ^
conftest.c:87:6: note: 'strcasecmp' is a builtin with type 'int (const char *, const char *)'
1 warning generated.
configure:8777: $? = 0
configure:8777: result: yes
configure:8777: checking for strlcat
configure:8777: clang -o conftest -g -O2   conftest.c  >&5
conftest.c:88:6: warning: incompatible redeclaration of library function 'strlcat' [-Wincompatible-library-redeclaration]
char strlcat ();
     ^
conftest.c:88:6: note: 'strlcat' is a builtin with type 'unsigned long (char *, const char *, unsigned long)'
1 warning generated.
configure:8777: $? = 0
configure:8777: result: yes
configure:8777: checking for strlcpy
configure:8777: clang -o conftest -g -O2   conftest.c  >&5
conftest.c:89:6: warning: incompatible redeclaration of library function 'strlcpy' [-Wincompatible-library-redeclaration]
char strlcpy ();
     ^
conftest.c:89:6: note: 'strlcpy' is a builtin with type 'unsigned long (char *, const char *, unsigned long)'
1 warning generated.
configure:8777: $? = 0
configure:8777: result: yes
configure:8777: checking for strncasecmp
configure:8777: clang -o conftest -g -O2   conftest.c  >&5
conftest.c:90:6: warning: incompatible redeclaration of library function 'strncasecmp' [-Wincompatible-library-redeclaration]
char strncasecmp ();
     ^
conftest.c:90:6: note: 'strncasecmp' is a builtin with type 'int (const char *, const char *, unsigned long)'
1 warning generated.
configure:8777: $? = 0
configure:8777: result: yes
configure:8777: checking for sysctlbyname
configure:8777: clang -o conftest -g -O2   conftest.c  >&5
configure:8777: $? = 0
configure:8777: result: yes
configure:8789: checking if readlink conforms to POSIX 1003.1a
configure:8813: clang -c -g -O2  conftest.c >&5
configure:8813: $? = 0
configure:8828: result: yes
configure:8841: checking CommonCrypto/CommonDigest.h usability
configure:8841: clang -c -g -O2  conftest.c >&5
configure:8841: $? = 0
configure:8841: result: yes
configure:8841: checking CommonCrypto/CommonDigest.h presence
configure:8841: clang -E  conftest.c
configure:8841: $? = 0
configure:8841: result: yes
configure:8841: checking for CommonCrypto/CommonDigest.h
configure:8841: result: yes
configure:9042: checking for readline in -lreadline
configure:9067: clang -o conftest -g -O2   conftest.c -lreadline   >&5
configure:9067: $? = 0
configure:9076: result: yes
configure:9087: checking whether rl_username_completion_function is declared
configure:9087: clang -c -g -O2  conftest.c >&5
conftest.c:85:10: error: use of undeclared identifier 'rl_username_completion_function'
  (void) rl_username_completion_function;
         ^
1 error generated.
configure:9087: $? = 1
configure: failed program was:
| /* confdefs.h */
| #define PACKAGE_NAME "MacPorts"
| #define PACKAGE_TARNAME "macports"
| #define PACKAGE_VERSION "2.2.99"
| #define PACKAGE_STRING "MacPorts 2.2.99"
| #define PACKAGE_BUGREPORT "macports-dev@lists.macosforge.org"
| #define PACKAGE_URL ""
| #define UNUSED __attribute__((unused))
| #define MP_PRIVATE __attribute__((visibility("hidden")))
| #define HAVE_PTHREAD 1
| #define STDC_HEADERS 1
| #define HAVE_SYS_TYPES_H 1
| #define HAVE_SYS_STAT_H 1
| #define HAVE_STDLIB_H 1
| #define HAVE_STRING_H 1
| #define HAVE_MEMORY_H 1
| #define HAVE_STRINGS_H 1
| #define HAVE_INTTYPES_H 1
| #define HAVE_STDINT_H 1
| #define HAVE_UNISTD_H 1
| #define HAVE_OBJC_OBJC_H 1
| #define APPLE_RUNTIME 1
| #define APPLE_FOUNDATION 1
| #define HAVE_FRAMEWORK_COREFOUNDATION /**/
| #define HAVE_FRAMEWORK_SYSTEMCONFIGURATION /**/
| #define HAVE_FRAMEWORK_IOKIT /**/
| #define HAVE_FUNCTION_CFNOTIFICATIONCENTERGETDARWINNOTIFYCENTER /**/
| #define STDC_HEADERS 1
| #define HAVE_DIRENT_H 1
| #define HAVE_SYS_WAIT_H 1
| #define HAVE_CRT_EXTERNS_H 1
| #define HAVE_ERR_H 1
| #define HAVE_FCNTL_H 1
| #define HAVE_LIBKERN_OSATOMIC_H 1
| #define HAVE_LIMITS_H 1
| #define HAVE_PATHS_H 1
| #define HAVE_PWD_H 1
| #define HAVE_READLINE_HISTORY_H 1
| #define HAVE_READLINE_READLINE_H 1
| #define HAVE_SPAWN_H 1
| #define HAVE_SYS_CDEFS_H 1
| #define HAVE_SYS_EVENT_H 1
| #define HAVE_SYS_FCNTL_H 1
| #define HAVE_SYS_FILE_H 1
| #define HAVE_SYS_PATHS_H 1
| #define HAVE_SYS_SOCKET_H 1
| #define HAVE_SYS_SYSCTL_H 1
| #define HAVE_UTIME_H 1
| #define HAVE_OSATOMICCOMPAREANDSWAP32 1
| #define HAVE_OSATOMICCOMPAREANDSWAP64 1
| #define HAVE_OSATOMICCOMPAREANDSWAPPTR 1
| #define HAVE___GETDIRENTRIES64 1
| #define HAVE_BZERO 1
| #define HAVE_COPYFILE 1
| #define HAVE_FGETLN 1
| #define HAVE_FLOCK 1
| #define HAVE_FLS 1
| #define HAVE_KQUEUE 1
| #define HAVE_LOCKF 1
| #define HAVE_MEMSET 1
| #define HAVE_POSIX_SPAWN 1
| #define HAVE_SETMODE 1
| #define HAVE_STRCASECMP 1
| #define HAVE_STRLCAT 1
| #define HAVE_STRLCPY 1
| #define HAVE_STRNCASECMP 1
| #define HAVE_SYSCTLBYNAME 1
| #define HAVE_COMMONCRYPTO_COMMONDIGEST_H 1
| #define HAVE_LIBREADLINE 1
| /* end confdefs.h.  */
| 
| 	#include <stdio.h>
| 	#if HAVE_READLINE_READLINE_H
| 	# include <readline/readline.h>
| 	#endif
| 
| 
| int
| main ()
| {
| #ifndef rl_username_completion_function
| #ifdef __cplusplus
|   (void) rl_username_completion_function;
| #else
|   (void) rl_username_completion_function;
| #endif
| #endif
| 
|   ;
|   return 0;
| }
configure:9087: result: no
configure:9103: checking whether rl_filename_completion_function is declared
configure:9103: clang -c -g -O2  conftest.c >&5
configure:9103: $? = 0
configure:9103: result: yes
configure:9119: checking whether rl_completion_matches is declared
configure:9119: clang -c -g -O2  conftest.c >&5
configure:9119: $? = 0
configure:9119: result: yes
configure:9135: checking whether username_completion_function is declared
configure:9135: clang -c -g -O2  conftest.c >&5
configure:9135: $? = 0
configure:9135: result: yes
configure:9151: checking whether filename_completion_function is declared
configure:9151: clang -c -g -O2  conftest.c >&5
configure:9151: $? = 0
configure:9151: result: yes
configure:9167: checking whether completion_matches is declared
configure:9167: clang -c -g -O2  conftest.c >&5
configure:9167: $? = 0
configure:9167: result: yes
configure:9199: checking for target platform
configure:9203: result: darwin 13
configure:9221: checking for curl-config
configure:9239: found /usr/bin/curl-config
configure:9251: result: /usr/bin/curl-config
configure:9334: checking sqlite3.h usability
configure:9334: clang -c -g -O2  conftest.c >&5
configure:9334: $? = 0
configure:9334: result: yes
configure:9334: checking sqlite3.h presence
configure:9334: clang -E  conftest.c
configure:9334: $? = 0
configure:9334: result: yes
configure:9334: checking for sqlite3.h
configure:9334: result: yes
configure:9405: checking sqlite3ext.h usability
configure:9405: clang -c -g -O2   conftest.c >&5
configure:9405: $? = 0
configure:9405: result: yes
configure:9405: checking sqlite3ext.h presence
configure:9405: clang -E   conftest.c
configure:9405: $? = 0
configure:9405: result: yes
configure:9405: checking for sqlite3ext.h
configure:9405: result: yes
configure:9424: checking for SQLite >= 3003011
configure:9444: clang -E   conftest.c
configure:9444: $? = 0
configure:9476: clang -E   conftest.c
configure:9476: $? = 0
configure:9487: result: yes
configure:9507: checking for kqueue
configure:9507: result: yes
configure:9507: checking for kevent
configure:9507: clang -o conftest -g -O2   conftest.c  >&5
configure:9507: $? = 0
configure:9507: result: yes
configure:9517: checking whether trace mode is supported on this platform
configure:9546: result: yes
configure:9603: checking for gzip
configure:9633: result: /usr/bin/gzip
configure:9643: checking for bzip2
configure:9673: result: /usr/bin/bzip2
configure:9753: === configuring in vendor/tcl8.5.15/unix (/Users/mrappleseed/GSoC/mports/trunk/base/vendor/tcl8.5.15/unix)
configure:9994: running /bin/sh ./configure '--cache-file=/dev/null' '--disable-option-checking'  '--prefix=/opt/local/libexec/macports' '--enable-threads' '--enable-readline' '--srcdir=.' in vendor/tcl8.5.15/unix
configure:10000: === finished configuring in vendor/tcl8.5.15/unix (/Users/mrappleseed/GSoC/mports/trunk/base/vendor/tcl8.5.15/unix)
configure:10020: checking for gzip
configure:10050: result: /usr/bin/gzip
configure:10060: checking for bzip2
configure:10090: result: /usr/bin/bzip2
configure:10170: === configuring in vendor/thread2.7.0 (/Users/mrappleseed/GSoC/mports/trunk/base/vendor/thread2.7.0)
configure:10411: running /bin/sh ./configure '--cache-file=/dev/null' '--disable-option-checking'  '--prefix=/opt/local/libexec/macports' '--enable-readline' '--srcdir=.' in vendor/thread2.7.0
configure:10417: === finished configuring in vendor/thread2.7.0 (/Users/mrappleseed/GSoC/mports/trunk/base/vendor/thread2.7.0)
configure:10432: checking for gzip
configure:10462: result: /usr/bin/gzip
configure:10472: checking for bzip2
configure:10502: result: /usr/bin/bzip2
configure:10582: === configuring in vendor/tclx8.4 (/Users/mrappleseed/GSoC/mports/trunk/base/vendor/tclx8.4)
configure:10823: running /bin/sh ./configure '--cache-file=/dev/null' '--disable-option-checking'  '--prefix=/opt/local/libexec/macports' '--enable-readline' '--srcdir=.' in vendor/tclx8.4
configure:10829: === finished configuring in vendor/tclx8.4 (/Users/mrappleseed/GSoC/mports/trunk/base/vendor/tclx8.4)
configure:10846: checking for gzip
configure:10876: result: /usr/bin/gzip
configure:10886: checking for bzip2
configure:10916: result: /usr/bin/bzip2
configure:10996: === configuring in vendor/tcllib-1.15 (/Users/mrappleseed/GSoC/mports/trunk/base/vendor/tcllib-1.15)
configure:11237: running /bin/sh ./configure '--cache-file=/dev/null' '--disable-option-checking'  '--prefix=/opt/local/libexec/macports' '--enable-readline' '--srcdir=.' in vendor/tcllib-1.15
configure:11243: === finished configuring in vendor/tcllib-1.15 (/Users/mrappleseed/GSoC/mports/trunk/base/vendor/tcllib-1.15)
configure:11254: checking for Tcl configuration
configure:11257: result: found /Users/mrappleseed/GSoC/mports/trunk/base/vendor/tcl8.5.15/unix/tclConfig.sh
configure:11260: checking for existence of /Users/mrappleseed/GSoC/mports/trunk/base/vendor/tcl8.5.15/unix/tclConfig.sh
configure:11264: result: loading
configure:11312: checking how to build libraries
configure:11330: result: shared
configure:11371: checking that any existing MacPorts install can be upgraded
configure:11378: result: yes
configure:11511: creating ./config.status

## ---------------------- ##
## Running config.status. ##
## ---------------------- ##

This file was extended by MacPorts config.status 2.2.99, which was
generated by GNU Autoconf 2.69.  Invocation command line was

  CONFIG_FILES    = 
  CONFIG_HEADERS  = 
  CONFIG_LINKS    = 
  CONFIG_COMMANDS = 
  $ ./config.status 

on 128-223-223-240-wireless.uoregon.edu

config.status:1047: creating src/programs/daemondo/Makefile
config.status:1047: creating Doxyfile
config.status:1047: creating Makefile
config.status:1047: creating Mk/macports.autoconf.mk
config.status:1047: creating doc/Makefile
config.status:1047: creating doc/base.mtree
config.status:1047: creating doc/macosx.mtree
config.status:1047: creating doc/macports.conf
config.status:1047: creating doc/prefix.mtree
config.status:1047: creating doc/pubkeys.conf
config.status:1047: creating portmgr/freebsd/Makefile
config.status:1047: creating portmgr/dmg/postflight
config.status:1047: creating setupenv.bash
config.status:1047: creating src/Makefile
config.status:1047: creating src/cregistry/Makefile
config.status:1047: creating src/darwintracelib1.0/Makefile
config.status:1047: creating src/machista1.0/Makefile
config.status:1047: creating src/macports1.0/Makefile
config.status:1047: creating src/macports1.0/macports_autoconf.tcl
config.status:1047: creating src/macports1.0/macports_test_autoconf.tcl
config.status:1047: creating src/package1.0/Makefile
config.status:1047: creating src/package1.0/package_test_autoconf.tcl
config.status:1047: creating src/pextlib1.0/Makefile
config.status:1047: creating src/port/Makefile
config.status:1047: creating src/port1.0/Makefile
config.status:1047: creating src/port1.0/port_autoconf.tcl
config.status:1047: creating src/port1.0/port_test_autoconf.tcl
config.status:1047: creating src/programs/Makefile
config.status:1047: creating src/registry2.0/Makefile
config.status:1047: creating src/registry2.0/registry_autoconf.tcl
config.status:1047: creating tests/Makefile
config.status:1047: creating tests/test.tcl
config.status:1047: creating vendor/Makefile
config.status:1047: creating src/dedup_portfiles.tcl
config.status:1047: creating src/images_to_archives.tcl
config.status:1047: creating src/pkg_mkindex.sh
config.status:1047: creating src/upgrade_sources_conf_default.tcl
config.status:1047: creating src/config.h
config.status:1222: src/config.h is unchanged

## ---------------- ##
## Cache variables. ##
## ---------------- ##

ac_cv_build=x86_64-apple-darwin13.1.0
ac_cv_c_compiler_gnu=yes
ac_cv_env_CC_set=
ac_cv_env_CC_value=
ac_cv_env_CFLAGS_set=
ac_cv_env_CFLAGS_value=
ac_cv_env_CPPFLAGS_set=
ac_cv_env_CPPFLAGS_value=
ac_cv_env_CPP_set=
ac_cv_env_CPP_value=
ac_cv_env_LDFLAGS_set=
ac_cv_env_LDFLAGS_value=
ac_cv_env_LIBS_set=
ac_cv_env_LIBS_value=
ac_cv_env_OBJCFLAGS_set=
ac_cv_env_OBJCFLAGS_value=
ac_cv_env_OBJCPP_set=
ac_cv_env_OBJCPP_value=
ac_cv_env_OBJC_set=
ac_cv_env_OBJC_value=
ac_cv_env_build_alias_set=
ac_cv_env_build_alias_value=
ac_cv_env_host_alias_set=
ac_cv_env_host_alias_value=
ac_cv_env_target_alias_set=
ac_cv_env_target_alias_value=
ac_cv_func_OSAtomicCompareAndSwap32=yes
ac_cv_func_OSAtomicCompareAndSwap64=yes
ac_cv_func_OSAtomicCompareAndSwapPtr=yes
ac_cv_func___getdirentries64=yes
ac_cv_func_bzero=yes
ac_cv_func_clearenv=no
ac_cv_func_copyfile=yes
ac_cv_func_fgetln=yes
ac_cv_func_flock=yes
ac_cv_func_fls=yes
ac_cv_func_kevent=yes
ac_cv_func_kqueue=yes
ac_cv_func_lockf=yes
ac_cv_func_memset=yes
ac_cv_func_posix_spawn=yes
ac_cv_func_setmode=yes
ac_cv_func_strcasecmp=yes
ac_cv_func_strlcat=yes
ac_cv_func_strlcpy=yes
ac_cv_func_strncasecmp=yes
ac_cv_func_sysctlbyname=yes
ac_cv_have_decl_completion_matches=yes
ac_cv_have_decl_filename_completion_function=yes
ac_cv_have_decl_rl_completion_matches=yes
ac_cv_have_decl_rl_filename_completion_function=yes
ac_cv_have_decl_rl_username_completion_function=no
ac_cv_have_decl_username_completion_function=yes
ac_cv_header_CommonCrypto_CommonDigest_h=yes
ac_cv_header_crt_externs_h=yes
ac_cv_header_dirent_dirent_h=yes
ac_cv_header_err_h=yes
ac_cv_header_fcntl_h=yes
ac_cv_header_inttypes_h=yes
ac_cv_header_libkern_OSAtomic_h=yes
ac_cv_header_limits_h=yes
ac_cv_header_memory_h=yes
ac_cv_header_objc_objc_h=yes
ac_cv_header_paths_h=yes
ac_cv_header_pwd_h=yes
ac_cv_header_readline_history_h=yes
ac_cv_header_readline_readline_h=yes
ac_cv_header_spawn_h=yes
ac_cv_header_sqlite3_h=yes
ac_cv_header_sqlite3ext_h=yes
ac_cv_header_stdc=yes
ac_cv_header_stdint_h=yes
ac_cv_header_stdlib_h=yes
ac_cv_header_string_h=yes
ac_cv_header_strings_h=yes
ac_cv_header_sys_cdefs_h=yes
ac_cv_header_sys_event_h=yes
ac_cv_header_sys_fcntl_h=yes
ac_cv_header_sys_file_h=yes
ac_cv_header_sys_paths_h=yes
ac_cv_header_sys_socket_h=yes
ac_cv_header_sys_stat_h=yes
ac_cv_header_sys_sysctl_h=yes
ac_cv_header_sys_types_h=yes
ac_cv_header_sys_wait_h=yes
ac_cv_header_unistd_h=yes
ac_cv_header_utime_h=yes
ac_cv_host=x86_64-apple-darwin13.1.0
ac_cv_lib_readline_readline=yes
ac_cv_objc_compiler_gnu=yes
ac_cv_objc_foundation_apple=yes
ac_cv_objext=o
ac_cv_path_BZIP2=/usr/bin/bzip2
ac_cv_path_CHOWN=/usr/sbin/chown
ac_cv_path_CP=/bin/cp
ac_cv_path_CPIO=/usr/bin/cpio
ac_cv_path_CURL_CONFIG=/usr/bin/curl-config
ac_cv_path_DEFAULTS=/usr/bin/defaults
ac_cv_path_DIFF=/usr/bin/diff
ac_cv_path_DSCL=/usr/bin/dscl
ac_cv_path_DSEDITGROUP=/usr/sbin/dseditgroup
ac_cv_path_EGREP='/usr/bin/grep -E'
ac_cv_path_FILE=/usr/bin/file
ac_cv_path_FIND=/usr/bin/find
ac_cv_path_GIT=/usr/local/bin/git
ac_cv_path_GNUMAKE=/usr/bin/gnumake
ac_cv_path_GREP=/usr/bin/grep
ac_cv_path_GZIP=/usr/bin/gzip
ac_cv_path_HDIUTIL=/usr/bin/hdiutil
ac_cv_path_HG=/usr/local/bin/hg
ac_cv_path_LAUNCHCTL=/bin/launchctl
ac_cv_path_LIPO=/usr/bin/lipo
ac_cv_path_LSBOM=/usr/bin/lsbom
ac_cv_path_LZMA=/usr/local/bin/lzma
ac_cv_path_MAKE=/usr/bin/make
ac_cv_path_MDFIND=/usr/bin/mdfind
ac_cv_path_MDLS=/usr/bin/mdls
ac_cv_path_MKBOM=/usr/bin/mkbom
ac_cv_path_MTREE=/usr/sbin/mtree
ac_cv_path_OPEN=/usr/bin/open
ac_cv_path_OPENSSL=/usr/bin/openssl
ac_cv_path_PATCH=/usr/bin/patch
ac_cv_path_PAX=/bin/pax
ac_cv_path_RMDIR=/bin/rmdir
ac_cv_path_RSYNC=/usr/bin/rsync
ac_cv_path_SANDBOX_EXEC=/usr/bin/sandbox-exec
ac_cv_path_SED=/usr/bin/sed
ac_cv_path_SVN=/usr/bin/svn
ac_cv_path_SW_VERS=/usr/bin/sw_vers
ac_cv_path_TAR=/usr/bin/tar
ac_cv_path_UNZIP=/usr/bin/unzip
ac_cv_path_XAR=/usr/bin/xar
ac_cv_path_XCODEBUILD=/usr/bin/xcodebuild
ac_cv_path_XCODE_SELECT=/usr/bin/xcode-select
ac_cv_path_XCRUN=/usr/bin/xcrun
ac_cv_path_XZ=/usr/local/bin/xz
ac_cv_path_ZIP=/usr/bin/zip
ac_cv_path_install='/usr/bin/install -c'
ac_cv_prog_CPP='clang -E'
ac_cv_prog_HAVE_LAUNCHD=yes
ac_cv_prog_OBJCPP='clang -E'
ac_cv_prog_ac_ct_CC=clang
ac_cv_prog_ac_ct_OBJC=clang
ac_cv_prog_cc_c89=
ac_cv_prog_cc_g=yes
ac_cv_prog_make_make_set=yes
ac_cv_prog_objc_g=yes
ac_cv_search_opendir='none required'
ac_cv_target=x86_64-apple-darwin13.1.0
mp_cv_attribute_mp_private='__attribute__((visibility("hidden")))'
mp_cv_have_framework_corefoundation=yes
mp_cv_have_framework_iokit=yes
mp_cv_have_framework_systemconfiguration=yes
mp_cv_have_function_cfnotificationcentergetdarwinnotifycenter=yes
mp_cv_objc_req_pthread=no
mp_cv_objc_runtime_apple=yes
mp_cv_objc_runtime_gnu=no
mp_cv_readlink_is_posix_1003_1a=yes
mp_cv_sqlite_version_defined=yes
mp_cv_sqlite_version_ge_3003011=yes

## ----------------- ##
## Output variables. ##
## ----------------- ##

BSDMAKE=''
BZIP2='/usr/bin/bzip2'
BZR=''
CC='clang'
CFLAGS='-g -O2'
CFLAGS_LIBCURL=''
CFLAGS_PEDANTIC='-pedantic'
CFLAGS_QUICHEEATERS='-Wextra -Wall'
CFLAGS_SQLITE3=''
CFLAGS_WERROR=''
CHOWN='/usr/sbin/chown'
CP='/bin/cp'
CPIO='/usr/bin/cpio'
CPP='clang -E'
CPPFLAGS=''
CURL_CONFIG='/usr/bin/curl-config'
CVS=''
DEFAULTS='/usr/bin/defaults'
DEFS='-DHAVE_CONFIG_H'
DEVELOPER_DIR='/Applications/Xcode.app/Contents/Developer'
DIFF='/usr/bin/diff'
DSCL='/usr/bin/dscl'
DSEDITGROUP='/usr/sbin/dseditgroup'
DSTGRP='admin'
DSTMODE='0755'
DSTUSR='root'
ECHO_C='\c'
ECHO_N=''
ECHO_T=''
EGREP='/usr/bin/grep -E'
EXEEXT=''
EXTRA_PROGS=' daemondo'
FILE='/usr/bin/file'
FIND='/usr/bin/find'
GIT='/usr/local/bin/git'
GNUMAKE='/usr/bin/gnumake'
GNUPATCH='/usr/bin/patch'
GNUTAR=''
GREP='/usr/bin/grep'
GZIP='/usr/bin/gzip'
HAVE_FRAMEWORK_COREFOUNDATION=''
HAVE_FRAMEWORK_IOKIT=''
HAVE_FRAMEWORK_SYSTEMCONFIGURATION=''
HAVE_FUNCTION_CFNOTIFICATIONCENTERGETDARWINNOTIFYCENTER=''
HAVE_LAUNCHD='yes'
HDIUTIL='/usr/bin/hdiutil'
HG='/usr/local/bin/hg'
INCLUDES='-I.. -I. '
INSTALL_DATA='${INSTALL} -m 644'
INSTALL_PROGRAM='${INSTALL}'
INSTALL_SCRIPT='${INSTALL}'
INTREE_TCLSH='/Users/mrappleseed/GSoC/mports/trunk/base/vendor/tcl8.5.15/unix/tclsh'
LAUNCHCTL='/bin/launchctl'
LDFLAGS=''
LDFLAGS_LIBCURL='-lcurl'
LDFLAGS_SQLITE3='-lsqlite3'
LIBOBJS=''
LIBS=''
LIPO='/usr/bin/lipo'
LN_S='ln -s'
LSBOM='/usr/bin/lsbom'
LTLIBOBJS=''
LZMA='/usr/local/bin/lzma'
MACPORTS_VERSION='2.2.99'
MAKE='/usr/bin/make'
MD5_LIBS=''
MDFIND='/usr/bin/mdfind'
MDLS='/usr/bin/mdls'
MKBOM='/usr/bin/mkbom'
MPAPPLICATIONSDIR='/Applications/MacPorts'
MPCONFIGDIR='${sysconfdir}/macports'
MPCONFIGDIR_EXPANDED='/opt/local/etc/macports'
MPFRAMEWORKSDIR='/opt/local/Library/Frameworks'
MTREE='/usr/sbin/mtree'
OBJC='clang'
OBJCFLAGS='-g -O2'
OBJCPP='clang -E'
OBJC_FOUNDATION='Apple'
OBJC_FOUNDATION_CPPFLAGS=''
OBJC_FOUNDATION_LDFLAGS=''
OBJC_FOUNDATION_LIBS='-framework Foundation'
OBJC_LIBS='-lobjc'
OBJC_PTHREAD_CFLAGS='-D_THREAD_SAFE '
OBJC_PTHREAD_LIBS=''
OBJC_RUNTIME='APPLE_RUNTIME'
OBJC_RUNTIME_FLAGS='-fnext-runtime'
OBJEXT='o'
OPEN='/usr/bin/open'
OPENSSL='/usr/bin/openssl'
OS_MAJOR='13'
OS_PLATFORM='darwin'
PACKAGE_BUGREPORT='macports-dev@lists.macosforge.org'
PACKAGE_NAME='MacPorts'
PACKAGE_STRING='MacPorts 2.2.99'
PACKAGE_TARNAME='macports'
PACKAGE_URL=''
PACKAGE_VERSION='2.2.99'
PATCH='/usr/bin/patch'
PATH_CLEANED='/usr/local/bin:/usr/local/sbin:/usr/bin:/bin:/usr/sbin:/sbin:/opt/X11/bin'
PATH_SEPARATOR=':'
PAX='/bin/pax'
PKG_CONFIG=''
PORTSDIR=''
PTHREAD_CFLAGS='-D_THREAD_SAFE '
PTHREAD_LIBS=''
READLINE_LIBS='-lreadline'
READLINK_IS_NOT_P1003_1A=''
RMDIR='/bin/rmdir'
RSYNC='/usr/bin/rsync'
RUNUSR='macports'
SANDBOX_EXEC='/usr/bin/sandbox-exec'
SED='/usr/bin/sed'
SED_EXT='-E'
SET_MAKE=''
SHELL='/bin/sh'
SHLIB_CFLAGS='-fno-common'
SHLIB_LD='${CC} -dynamiclib ${CFLAGS} ${LDFLAGS} -Wl,-single_module'
SHLIB_SUFFIX='.dylib'
STLIB_LD='${AR} cr'
SVN='/usr/bin/svn'
SWIG=''
SW_VERS='/usr/bin/sw_vers'
TAR='/usr/bin/tar'
TAR_CMD='/usr/bin/tar'
TAR_Q='q'
TCLSH='/opt/local/libexec/macports/bin/tclsh8.5'
TCL_BIN_DIR='/Users/mrappleseed/GSoC/mports/trunk/base/vendor/tcl8.5.15/unix'
TCL_LIB_FILE='libtcl8.5.dylib'
TCL_LIB_FLAG='-ltcl8.5'
TCL_LIB_SPEC='-L/Users/mrappleseed/GSoC/mports/trunk/base/vendor/tcl8.5.15/unix -ltcl8.5'
TCL_PACKAGE_PATH='/opt/local/libexec/macports/lib'
TCL_PREFIX='/opt/local/libexec/macports'
TCL_SRC_DIR='/Users/mrappleseed/GSoC/mports/trunk/base/vendor/tcl8.5.15'
TCL_STUB_LIB_FILE='libtclstub8.5.a'
TCL_STUB_LIB_FLAG='-ltclstub8.5'
TCL_STUB_LIB_SPEC='-L/Users/mrappleseed/GSoC/mports/trunk/base/vendor/tcl8.5.15/unix -ltclstub8.5'
TCL_VERSION='8.5'
TRACEMODE_SUPPORT='1'
UNIVERSAL_ARCHFLAGS=' -arch x86_64 -arch i386'
UNIVERSAL_ARCHS='x86_64 i386'
UNZIP='/usr/bin/unzip'
VENDOR_DESTROOT='vendor/vendor-destroot'
VENDOR_TCLLIB_INSTALL='install-libraries'
VENDOR_TCLLIB_SUBDIR='tcllib-1.15'
VENDOR_TCLTHREAD_INSTALL='install-binaries install-libraries'
VENDOR_TCLTHREAD_SUBDIR='thread2.7.0'
VENDOR_TCLX_INSTALL='install-binaries install-libraries'
VENDOR_TCLX_SUBDIR='tclx8.4'
VENDOR_TCL_INSTALL='install-binaries install-libraries'
VENDOR_TCL_SUBDIR='tcl8.5.15/unix'
XAR='/usr/bin/xar'
XCODEBUILD='/usr/bin/xcodebuild'
XCODE_SELECT='/usr/bin/xcode-select'
XCRUN='/usr/bin/xcrun'
XZ='/usr/local/bin/xz'
ZIP='/usr/bin/zip'
ac_ct_CC='clang'
ac_ct_OBJC='clang'
ac_cv_func_strlcat='yes'
acx_pthread_config=''
bindir='${exec_prefix}/bin'
build='x86_64-apple-darwin13.1.0'
build_alias=''
build_cpu='x86_64'
build_os='darwin13.1.0'
build_vendor='apple'
datadir='${datarootdir}'
datarootdir='${prefix}/share'
docdir='${datarootdir}/doc/${PACKAGE_TARNAME}'
dvidir='${docdir}'
exec_prefix='${prefix}'
host='x86_64-apple-darwin13.1.0'
host_alias=''
host_cpu='x86_64'
host_os='darwin13.1.0'
host_vendor='apple'
htmldir='${docdir}'
includedir='${prefix}/include'
infodir='${datarootdir}/info'
libdir='${exec_prefix}/lib'
libexecdir='${exec_prefix}/libexec'
localedir='${datarootdir}/locale'
localstatedir='${prefix}/var'
localstatedir_expanded='/opt/local/var'
mandir='${datarootdir}/man'
oldincludedir='/usr/include'
pdfdir='${docdir}'
prefix='/opt/local'
prefix_expanded='/opt/local'
program_transform_name='s,x,x,'
psdir='${docdir}'
sbindir='${exec_prefix}/sbin'
sharedstatedir='${prefix}/com'
sysconfdir='${prefix}/etc'
target='x86_64-apple-darwin13.1.0'
target_alias=''
target_cpu='x86_64'
target_os='darwin13.1.0'
target_vendor='apple'

## ----------- ##
## confdefs.h. ##
## ----------- ##

/* confdefs.h */
#define PACKAGE_NAME "MacPorts"
#define PACKAGE_TARNAME "macports"
#define PACKAGE_VERSION "2.2.99"
#define PACKAGE_STRING "MacPorts 2.2.99"
#define PACKAGE_BUGREPORT "macports-dev@lists.macosforge.org"
#define PACKAGE_URL ""
#define UNUSED __attribute__((unused))
#define MP_PRIVATE __attribute__((visibility("hidden")))
#define HAVE_PTHREAD 1
#define STDC_HEADERS 1
#define HAVE_SYS_TYPES_H 1
#define HAVE_SYS_STAT_H 1
#define HAVE_STDLIB_H 1
#define HAVE_STRING_H 1
#define HAVE_MEMORY_H 1
#define HAVE_STRINGS_H 1
#define HAVE_INTTYPES_H 1
#define HAVE_STDINT_H 1
#define HAVE_UNISTD_H 1
#define HAVE_OBJC_OBJC_H 1
#define APPLE_RUNTIME 1
#define APPLE_FOUNDATION 1
#define HAVE_FRAMEWORK_COREFOUNDATION /**/
#define HAVE_FRAMEWORK_SYSTEMCONFIGURATION /**/
#define HAVE_FRAMEWORK_IOKIT /**/
#define HAVE_FUNCTION_CFNOTIFICATIONCENTERGETDARWINNOTIFYCENTER /**/
#define STDC_HEADERS 1
#define HAVE_DIRENT_H 1
#define HAVE_SYS_WAIT_H 1
#define HAVE_CRT_EXTERNS_H 1
#define HAVE_ERR_H 1
#define HAVE_FCNTL_H 1
#define HAVE_LIBKERN_OSATOMIC_H 1
#define HAVE_LIMITS_H 1
#define HAVE_PATHS_H 1
#define HAVE_PWD_H 1
#define HAVE_READLINE_HISTORY_H 1
#define HAVE_READLINE_READLINE_H 1
#define HAVE_SPAWN_H 1
#define HAVE_SYS_CDEFS_H 1
#define HAVE_SYS_EVENT_H 1
#define HAVE_SYS_FCNTL_H 1
#define HAVE_SYS_FILE_H 1
#define HAVE_SYS_PATHS_H 1
#define HAVE_SYS_SOCKET_H 1
#define HAVE_SYS_SYSCTL_H 1
#define HAVE_UTIME_H 1
#define HAVE_OSATOMICCOMPAREANDSWAP32 1
#define HAVE_OSATOMICCOMPAREANDSWAP64 1
#define HAVE_OSATOMICCOMPAREANDSWAPPTR 1
#define HAVE___GETDIRENTRIES64 1
#define HAVE_BZERO 1
#define HAVE_COPYFILE 1
#define HAVE_FGETLN 1
#define HAVE_FLOCK 1
#define HAVE_FLS 1
#define HAVE_KQUEUE 1
#define HAVE_LOCKF 1
#define HAVE_MEMSET 1
#define HAVE_POSIX_SPAWN 1
#define HAVE_SETMODE 1
#define HAVE_STRCASECMP 1
#define HAVE_STRLCAT 1
#define HAVE_STRLCPY 1
#define HAVE_STRNCASECMP 1
#define HAVE_SYSCTLBYNAME 1
#define HAVE_COMMONCRYPTO_COMMONDIGEST_H 1
#define HAVE_LIBREADLINE 1
#define HAVE_DECL_RL_USERNAME_COMPLETION_FUNCTION 0
#define HAVE_DECL_RL_FILENAME_COMPLETION_FUNCTION 1
#define HAVE_DECL_RL_COMPLETION_MATCHES 1
#define HAVE_DECL_USERNAME_COMPLETION_FUNCTION 1
#define HAVE_DECL_FILENAME_COMPLETION_FUNCTION 1
#define HAVE_DECL_COMPLETION_MATCHES 1
#define MIN_USABLE_UID 500
#define MIN_USABLE_GID 500
#define HAVE_SQLITE3EXT_H 1
#define HAVE_KQUEUE 1
#define HAVE_KEVENT 1
#define HAVE_TRACEMODE_SUPPORT 1

configure: exit 0
